<?xml version="1.0" encoding="UTF-8"?>
<testsuite xmlns:xsi="http://www.w3.org/2001/XMLSchema-instance" xsi:noNamespaceSchemaLocation="https://maven.apache.org/surefire/maven-surefire-plugin/xsd/surefire-test-report.xsd" name="br.com.caelum.leilao.teste.AvaliadorTest" time="0.55" tests="3" errors="3" skipped="0" failures="0">
  <properties>
[...]
</properties>
  <testcase name="deveEncontrarOsTresMaioresLances" classname="br.com.caelum.leilao.teste.AvaliadorTest" time="0.079">
    <error message="Prohibited package name: java.junitcourse.dominio" type="java.lang.SecurityException">java.lang.SecurityException: Prohibited package name: java.junitcourse.dominio
	at br.com.caelum.leilao.teste.AvaliadorTest.deveEncontrarOsTresMaioresLances(AvaliadorTest.java:50)
</error>
  </testcase>
  <testcase name="deveEntenderLancesEmOrdemCrescente" classname="br.com.caelum.leilao.teste.AvaliadorTest" time="0.015">
    <error message="Prohibited package name: java.junitcourse.dominio" type="java.lang.SecurityException">java.lang.SecurityException: Prohibited package name: java.junitcourse.dominio
	at br.com.caelum.leilao.teste.AvaliadorTest.deveEntenderLancesEmOrdemCrescente(AvaliadorTest.java:18)
</error>
  </testcase>
  <testcase name="deveEntenderLeilaoComApenasUmLance" classname="br.com.caelum.leilao.teste.AvaliadorTest" time="0.008">
    <error message="Prohibited package name: java.junitcourse.dominio" type="java.lang.SecurityException">java.lang.SecurityException: Prohibited package name: java.junitcourse.dominio
	at br.com.caelum.leilao.teste.AvaliadorTest.deveEntenderLeilaoComApenasUmLance(AvaliadorTest.java:37)
</error>
  </testcase>
</testsuite>